<?xml version="1.0" encoding="UTF-8"?>
<testng-results ignored="0" total="12" passed="12" failed="0" skipped="0">
  <reporter-output>
  </reporter-output>
  <suite started-at="2021-09-13T22:29:47 CDT" name="FREE CRM Application Test Automation Test Suite" finished-at="2021-09-13T22:32:56 CDT" duration-ms="189710">
    <groups>
    </groups>
    <test started-at="2021-09-13T22:29:47 CDT" name="Free CRM App Test Cases" finished-at="2021-09-13T22:32:56 CDT" duration-ms="189710">
      <class name="com.crm.qa.testcases.HomePageTest">
        <test-method is-config="true" signature="setUp()[pri:0, instance:com.crm.qa.testcases.HomePageTest@31368b99]" started-at="2021-09-13T22:30:04 CDT" name="setUp" finished-at="2021-09-13T22:30:10 CDT" duration-ms="6187" status="PASS">
          <reporter-output>
          </reporter-output>
        </test-method> <!-- setUp -->
        <test-method signature="verifyHomePageTitleTest()[pri:1, instance:com.crm.qa.testcases.HomePageTest@31368b99]" started-at="2021-09-13T22:30:10 CDT" name="verifyHomePageTitleTest" finished-at="2021-09-13T22:30:10 CDT" duration-ms="6" status="PASS">
          <reporter-output>
          </reporter-output>
        </test-method> <!-- verifyHomePageTitleTest -->
        <test-method is-config="true" signature="tearDown()[pri:0, instance:com.crm.qa.testcases.HomePageTest@31368b99]" started-at="2021-09-13T22:30:10 CDT" name="tearDown" finished-at="2021-09-13T22:30:10 CDT" duration-ms="71" status="PASS">
          <reporter-output>
          </reporter-output>
        </test-method> <!-- tearDown -->
        <test-method is-config="true" signature="setUp()[pri:0, instance:com.crm.qa.testcases.HomePageTest@31368b99]" started-at="2021-09-13T22:30:10 CDT" name="setUp" finished-at="2021-09-13T22:30:19 CDT" duration-ms="8794" status="PASS">
          <reporter-output>
          </reporter-output>
        </test-method> <!-- setUp -->
        <test-method signature="verifyUserNameTest()[pri:2, instance:com.crm.qa.testcases.HomePageTest@31368b99]" started-at="2021-09-13T22:30:19 CDT" name="verifyUserNameTest" finished-at="2021-09-13T22:30:19 CDT" duration-ms="69" status="PASS">
          <reporter-output>
          </reporter-output>
        </test-method> <!-- verifyUserNameTest -->
        <test-method is-config="true" signature="tearDown()[pri:0, instance:com.crm.qa.testcases.HomePageTest@31368b99]" started-at="2021-09-13T22:30:19 CDT" name="tearDown" finished-at="2021-09-13T22:30:19 CDT" duration-ms="68" status="PASS">
          <reporter-output>
          </reporter-output>
        </test-method> <!-- tearDown -->
        <test-method is-config="true" signature="setUp()[pri:0, instance:com.crm.qa.testcases.HomePageTest@31368b99]" started-at="2021-09-13T22:30:19 CDT" name="setUp" finished-at="2021-09-13T22:30:28 CDT" duration-ms="9035" status="PASS">
          <reporter-output>
          </reporter-output>
        </test-method> <!-- setUp -->
        <test-method signature="verifyContactsLinkTest()[pri:3, instance:com.crm.qa.testcases.HomePageTest@31368b99]" started-at="2021-09-13T22:30:28 CDT" name="verifyContactsLinkTest" finished-at="2021-09-13T22:30:28 CDT" duration-ms="640" status="PASS">
          <reporter-output>
          </reporter-output>
        </test-method> <!-- verifyContactsLinkTest -->
        <test-method is-config="true" signature="tearDown()[pri:0, instance:com.crm.qa.testcases.HomePageTest@31368b99]" started-at="2021-09-13T22:30:28 CDT" name="tearDown" finished-at="2021-09-13T22:30:29 CDT" duration-ms="69" status="PASS">
          <reporter-output>
          </reporter-output>
        </test-method> <!-- tearDown -->
      </class> <!-- com.crm.qa.testcases.HomePageTest -->
      <class name="com.crm.qa.testcases.ContactsPageTest">
        <test-method is-config="true" signature="setUp()[pri:0, instance:com.crm.qa.testcases.ContactsPageTest@4ac3c60d]" started-at="2021-09-13T22:30:29 CDT" name="setUp" finished-at="2021-09-13T22:30:53 CDT" duration-ms="24943" status="PASS">
          <reporter-output>
          </reporter-output>
        </test-method> <!-- setUp -->
        <test-method signature="verifyContactsPageLabel()[pri:1, instance:com.crm.qa.testcases.ContactsPageTest@4ac3c60d]" started-at="2021-09-13T22:30:53 CDT" name="verifyContactsPageLabel" finished-at="2021-09-13T22:30:55 CDT" duration-ms="1248" status="PASS">
          <reporter-output>
          </reporter-output>
        </test-method> <!-- verifyContactsPageLabel -->
        <test-method is-config="true" signature="tearDown()[pri:0, instance:com.crm.qa.testcases.ContactsPageTest@4ac3c60d]" started-at="2021-09-13T22:30:55 CDT" name="tearDown" finished-at="2021-09-13T22:30:55 CDT" duration-ms="85" status="PASS">
          <reporter-output>
          </reporter-output>
        </test-method> <!-- tearDown -->
        <test-method is-config="true" signature="setUp()[pri:0, instance:com.crm.qa.testcases.ContactsPageTest@4ac3c60d]" started-at="2021-09-13T22:30:55 CDT" name="setUp" finished-at="2021-09-13T22:31:16 CDT" duration-ms="21368" status="PASS">
          <reporter-output>
          </reporter-output>
        </test-method> <!-- setUp -->
        <test-method signature="selectSingleContactsTest()[pri:2, instance:com.crm.qa.testcases.ContactsPageTest@4ac3c60d]" started-at="2021-09-13T22:31:16 CDT" name="selectSingleContactsTest" finished-at="2021-09-13T22:31:17 CDT" duration-ms="1215" status="PASS">
          <reporter-output>
          </reporter-output>
        </test-method> <!-- selectSingleContactsTest -->
        <test-method is-config="true" signature="tearDown()[pri:0, instance:com.crm.qa.testcases.ContactsPageTest@4ac3c60d]" started-at="2021-09-13T22:31:17 CDT" name="tearDown" finished-at="2021-09-13T22:31:17 CDT" duration-ms="84" status="PASS">
          <reporter-output>
          </reporter-output>
        </test-method> <!-- tearDown -->
        <test-method is-config="true" signature="setUp()[pri:0, instance:com.crm.qa.testcases.ContactsPageTest@4ac3c60d]" started-at="2021-09-13T22:31:17 CDT" name="setUp" finished-at="2021-09-13T22:31:39 CDT" duration-ms="21830" status="PASS">
          <reporter-output>
          </reporter-output>
        </test-method> <!-- setUp -->
        <test-method signature="selectMultipleContactsTest()[pri:3, instance:com.crm.qa.testcases.ContactsPageTest@4ac3c60d]" started-at="2021-09-13T22:31:39 CDT" name="selectMultipleContactsTest" finished-at="2021-09-13T22:31:40 CDT" duration-ms="1184" status="PASS">
          <reporter-output>
          </reporter-output>
        </test-method> <!-- selectMultipleContactsTest -->
        <test-method is-config="true" signature="tearDown()[pri:0, instance:com.crm.qa.testcases.ContactsPageTest@4ac3c60d]" started-at="2021-09-13T22:31:40 CDT" name="tearDown" finished-at="2021-09-13T22:31:41 CDT" duration-ms="82" status="PASS">
          <reporter-output>
          </reporter-output>
        </test-method> <!-- tearDown -->
        <test-method is-config="true" signature="setUp()[pri:0, instance:com.crm.qa.testcases.ContactsPageTest@4ac3c60d]" started-at="2021-09-13T22:31:41 CDT" name="setUp" finished-at="2021-09-13T22:32:03 CDT" duration-ms="22312" status="PASS">
          <reporter-output>
          </reporter-output>
        </test-method> <!-- setUp -->
        <test-method signature="validateCreateNewContact(java.lang.String,java.lang.String,java.lang.String,java.lang.String)[pri:4, instance:com.crm.qa.testcases.ContactsPageTest@4ac3c60d]" started-at="2021-09-13T22:32:03 CDT" name="validateCreateNewContact" data-provider="getCRMTestData" finished-at="2021-09-13T22:32:06 CDT" duration-ms="2543" status="PASS">
          <params>
            <param index="0">
              <value>
                <![CDATA[Mr.]]>
              </value>
            </param>
            <param index="1">
              <value>
                <![CDATA[Tom]]>
              </value>
            </param>
            <param index="2">
              <value>
                <![CDATA[Peter]]>
              </value>
            </param>
            <param index="3">
              <value>
                <![CDATA[Google]]>
              </value>
            </param>
          </params>
          <reporter-output>
          </reporter-output>
        </test-method> <!-- validateCreateNewContact -->
        <test-method is-config="true" signature="tearDown()[pri:0, instance:com.crm.qa.testcases.ContactsPageTest@4ac3c60d]" started-at="2021-09-13T22:32:06 CDT" name="tearDown" finished-at="2021-09-13T22:32:06 CDT" duration-ms="82" status="PASS">
          <reporter-output>
          </reporter-output>
        </test-method> <!-- tearDown -->
        <test-method is-config="true" signature="setUp()[pri:0, instance:com.crm.qa.testcases.ContactsPageTest@4ac3c60d]" started-at="2021-09-13T22:32:06 CDT" name="setUp" finished-at="2021-09-13T22:32:27 CDT" duration-ms="20622" status="PASS">
          <reporter-output>
          </reporter-output>
        </test-method> <!-- setUp -->
        <test-method signature="validateCreateNewContact(java.lang.String,java.lang.String,java.lang.String,java.lang.String)[pri:4, instance:com.crm.qa.testcases.ContactsPageTest@4ac3c60d]" started-at="2021-09-13T22:32:27 CDT" name="validateCreateNewContact" data-provider="getCRMTestData" finished-at="2021-09-13T22:32:29 CDT" duration-ms="2486" status="PASS">
          <params>
            <param index="0">
              <value>
                <![CDATA[Dr.]]>
              </value>
            </param>
            <param index="1">
              <value>
                <![CDATA[David]]>
              </value>
            </param>
            <param index="2">
              <value>
                <![CDATA[Cris]]>
              </value>
            </param>
            <param index="3">
              <value>
                <![CDATA[Amazon]]>
              </value>
            </param>
          </params>
          <reporter-output>
          </reporter-output>
        </test-method> <!-- validateCreateNewContact -->
        <test-method is-config="true" signature="tearDown()[pri:0, instance:com.crm.qa.testcases.ContactsPageTest@4ac3c60d]" started-at="2021-09-13T22:32:29 CDT" name="tearDown" finished-at="2021-09-13T22:32:29 CDT" duration-ms="86" status="PASS">
          <reporter-output>
          </reporter-output>
        </test-method> <!-- tearDown -->
        <test-method is-config="true" signature="setUp()[pri:0, instance:com.crm.qa.testcases.ContactsPageTest@4ac3c60d]" started-at="2021-09-13T22:32:29 CDT" name="setUp" finished-at="2021-09-13T22:32:54 CDT" duration-ms="24525" status="PASS">
          <reporter-output>
          </reporter-output>
        </test-method> <!-- setUp -->
        <test-method signature="validateCreateNewContact(java.lang.String,java.lang.String,java.lang.String,java.lang.String)[pri:4, instance:com.crm.qa.testcases.ContactsPageTest@4ac3c60d]" started-at="2021-09-13T22:32:54 CDT" name="validateCreateNewContact" data-provider="getCRMTestData" finished-at="2021-09-13T22:32:56 CDT" duration-ms="2582" status="PASS">
          <params>
            <param index="0">
              <value>
                <![CDATA[Mrs.]]>
              </value>
            </param>
            <param index="1">
              <value>
                <![CDATA[Mufasa]]>
              </value>
            </param>
            <param index="2">
              <value>
                <![CDATA[Sharma]]>
              </value>
            </param>
            <param index="3">
              <value>
                <![CDATA[Ebay]]>
              </value>
            </param>
          </params>
          <reporter-output>
          </reporter-output>
        </test-method> <!-- validateCreateNewContact -->
        <test-method is-config="true" signature="tearDown()[pri:0, instance:com.crm.qa.testcases.ContactsPageTest@4ac3c60d]" started-at="2021-09-13T22:32:56 CDT" name="tearDown" finished-at="2021-09-13T22:32:56 CDT" duration-ms="80" status="PASS">
          <reporter-output>
          </reporter-output>
        </test-method> <!-- tearDown -->
      </class> <!-- com.crm.qa.testcases.ContactsPageTest -->
      <class name="com.crm.qa.testcases.LoginPageTest">
        <test-method is-config="true" signature="setUp()[pri:0, instance:com.crm.qa.testcases.LoginPageTest@5ae50ce6]" started-at="2021-09-13T22:29:47 CDT" name="setUp" finished-at="2021-09-13T22:29:50 CDT" duration-ms="3862" status="PASS">
          <reporter-output>
          </reporter-output>
        </test-method> <!-- setUp -->
        <test-method signature="loginPageTitleTest()[pri:1, instance:com.crm.qa.testcases.LoginPageTest@5ae50ce6]" started-at="2021-09-13T22:29:50 CDT" name="loginPageTitleTest" finished-at="2021-09-13T22:29:50 CDT" duration-ms="11" status="PASS">
          <reporter-output>
          </reporter-output>
        </test-method> <!-- loginPageTitleTest -->
        <test-method is-config="true" signature="tearDown()[pri:0, instance:com.crm.qa.testcases.LoginPageTest@5ae50ce6]" started-at="2021-09-13T22:29:50 CDT" name="tearDown" finished-at="2021-09-13T22:29:51 CDT" duration-ms="73" status="PASS">
          <reporter-output>
          </reporter-output>
        </test-method> <!-- tearDown -->
        <test-method is-config="true" signature="setUp()[pri:0, instance:com.crm.qa.testcases.LoginPageTest@5ae50ce6]" started-at="2021-09-13T22:29:51 CDT" name="setUp" finished-at="2021-09-13T22:29:54 CDT" duration-ms="3424" status="PASS">
          <reporter-output>
          </reporter-output>
        </test-method> <!-- setUp -->
        <test-method signature="crmLogoImageTest()[pri:2, instance:com.crm.qa.testcases.LoginPageTest@5ae50ce6]" started-at="2021-09-13T22:29:54 CDT" name="crmLogoImageTest" finished-at="2021-09-13T22:29:54 CDT" duration-ms="45" status="PASS">
          <reporter-output>
          </reporter-output>
        </test-method> <!-- crmLogoImageTest -->
        <test-method is-config="true" signature="tearDown()[pri:0, instance:com.crm.qa.testcases.LoginPageTest@5ae50ce6]" started-at="2021-09-13T22:29:54 CDT" name="tearDown" finished-at="2021-09-13T22:29:54 CDT" duration-ms="95" status="PASS">
          <reporter-output>
          </reporter-output>
        </test-method> <!-- tearDown -->
        <test-method is-config="true" signature="setUp()[pri:0, instance:com.crm.qa.testcases.LoginPageTest@5ae50ce6]" started-at="2021-09-13T22:29:54 CDT" name="setUp" finished-at="2021-09-13T22:29:59 CDT" duration-ms="4683" status="PASS">
          <reporter-output>
          </reporter-output>
        </test-method> <!-- setUp -->
        <test-method signature="loginTest()[pri:3, instance:com.crm.qa.testcases.LoginPageTest@5ae50ce6]" started-at="2021-09-13T22:29:59 CDT" name="loginTest" finished-at="2021-09-13T22:30:04 CDT" duration-ms="4733" status="PASS">
          <reporter-output>
          </reporter-output>
        </test-method> <!-- loginTest -->
        <test-method is-config="true" signature="tearDown()[pri:0, instance:com.crm.qa.testcases.LoginPageTest@5ae50ce6]" started-at="2021-09-13T22:30:04 CDT" name="tearDown" finished-at="2021-09-13T22:30:04 CDT" duration-ms="60" status="PASS">
          <reporter-output>
          </reporter-output>
        </test-method> <!-- tearDown -->
      </class> <!-- com.crm.qa.testcases.LoginPageTest -->
    </test> <!-- Free CRM App Test Cases -->
  </suite> <!-- FREE CRM Application Test Automation Test Suite -->
</testng-results>
